  [1m[36m (5.3ms)[0m  [1mCREATE TABLE "schema_migrations" ("version" character varying NOT NULL) [0m
  [1m[35m (1.5ms)[0m  CREATE UNIQUE INDEX  "unique_schema_migrations" ON "schema_migrations"  ("version")
  [1m[36mActiveRecord::SchemaMigration Load (0.3ms)[0m  [1mSELECT "schema_migrations".* FROM "schema_migrations"[0m
Migrating to CreateUsers (20151215173149)
  [1m[35m (0.2ms)[0m  BEGIN
  [1m[36m (5.0ms)[0m  [1mCREATE TABLE "users" ("id" serial primary key, "username" character varying NOT NULL, "password_digest" character varying NOT NULL, "session_token" character varying NOT NULL, "created_at" timestamp NOT NULL, "updated_at" timestamp NOT NULL) [0m
  [1m[35mSQL (0.4ms)[0m  INSERT INTO "schema_migrations" ("version") VALUES ($1)  [["version", "20151215173149"]]
  [1m[36m (0.4ms)[0m  [1mCOMMIT[0m
  [1m[35mActiveRecord::SchemaMigration Load (0.3ms)[0m  SELECT "schema_migrations".* FROM "schema_migrations"
  [1m[36m (7.1ms)[0m  [1mSELECT t2.oid::regclass::text AS to_table, a1.attname AS column, a2.attname AS primary_key, c.conname AS name, c.confupdtype AS on_update, c.confdeltype AS on_delete
FROM pg_constraint c
JOIN pg_class t1 ON c.conrelid = t1.oid
JOIN pg_class t2 ON c.confrelid = t2.oid
JOIN pg_attribute a1 ON a1.attnum = c.conkey[1] AND a1.attrelid = t1.oid
JOIN pg_attribute a2 ON a2.attnum = c.confkey[1] AND a2.attrelid = t2.oid
JOIN pg_namespace t3 ON c.connamespace = t3.oid
WHERE c.contype = 'f'
  AND t1.relname = 'users'
  AND t3.nspname = ANY (current_schemas(false))
ORDER BY c.conname
[0m


Started GET "/" for ::1 at 2015-12-15 11:32:16 -0800
  [1m[36mActiveRecord::SchemaMigration Load (0.8ms)[0m  [1mSELECT "schema_migrations".* FROM "schema_migrations"[0m
Processing by Rails::WelcomeController#index as HTML
  Rendered /Users/christineliao/.rbenv/versions/2.1.2/lib/ruby/gems/2.1.0/gems/railties-4.2.4/lib/rails/templates/rails/welcome/index.html.erb (2.6ms)
Completed 200 OK in 22ms (Views: 9.4ms | ActiveRecord: 0.0ms)


Started GET "/" for ::1 at 2015-12-15 11:32:16 -0800
Processing by Rails::WelcomeController#index as HTML
  Rendered /Users/christineliao/.rbenv/versions/2.1.2/lib/ruby/gems/2.1.0/gems/railties-4.2.4/lib/rails/templates/rails/welcome/index.html.erb (0.3ms)
Completed 200 OK in 2ms (Views: 1.6ms | ActiveRecord: 0.0ms)


Started GET "/new" for ::1 at 2015-12-15 11:35:13 -0800

ActionController::RoutingError (No route matches [GET] "/new"):
  actionpack (4.2.4) lib/action_dispatch/middleware/debug_exceptions.rb:21:in `call'
  newrelic_rpm (3.14.1.311) lib/new_relic/agent/instrumentation/middleware_tracing.rb:79:in `call'
  web-console (2.2.1) lib/web_console/middleware.rb:39:in `call'
  newrelic_rpm (3.14.1.311) lib/new_relic/agent/instrumentation/middleware_tracing.rb:79:in `call'
  actionpack (4.2.4) lib/action_dispatch/middleware/show_exceptions.rb:30:in `call'
  newrelic_rpm (3.14.1.311) lib/new_relic/agent/instrumentation/middleware_tracing.rb:79:in `call'
  railties (4.2.4) lib/rails/rack/logger.rb:38:in `call_app'
  railties (4.2.4) lib/rails/rack/logger.rb:20:in `block in call'
  activesupport (4.2.4) lib/active_support/tagged_logging.rb:68:in `block in tagged'
  activesupport (4.2.4) lib/active_support/tagged_logging.rb:26:in `tagged'
  activesupport (4.2.4) lib/active_support/tagged_logging.rb:68:in `tagged'
  railties (4.2.4) lib/rails/rack/logger.rb:20:in `call'
  newrelic_rpm (3.14.1.311) lib/new_relic/agent/instrumentation/middleware_tracing.rb:79:in `call'
  actionpack (4.2.4) lib/action_dispatch/middleware/request_id.rb:21:in `call'
  newrelic_rpm (3.14.1.311) lib/new_relic/agent/instrumentation/middleware_tracing.rb:79:in `call'
  rack (1.6.4) lib/rack/methodoverride.rb:22:in `call'
  newrelic_rpm (3.14.1.311) lib/new_relic/agent/instrumentation/middleware_tracing.rb:79:in `call'
  rack (1.6.4) lib/rack/runtime.rb:18:in `call'
  newrelic_rpm (3.14.1.311) lib/new_relic/agent/instrumentation/middleware_tracing.rb:79:in `call'
  activesupport (4.2.4) lib/active_support/cache/strategy/local_cache_middleware.rb:28:in `call'
  newrelic_rpm (3.14.1.311) lib/new_relic/agent/instrumentation/middleware_tracing.rb:79:in `call'
  rack (1.6.4) lib/rack/lock.rb:17:in `call'
  newrelic_rpm (3.14.1.311) lib/new_relic/agent/instrumentation/middleware_tracing.rb:79:in `call'
  actionpack (4.2.4) lib/action_dispatch/middleware/static.rb:116:in `call'
  newrelic_rpm (3.14.1.311) lib/new_relic/agent/instrumentation/middleware_tracing.rb:79:in `call'
  rack (1.6.4) lib/rack/sendfile.rb:113:in `call'
  newrelic_rpm (3.14.1.311) lib/new_relic/agent/instrumentation/middleware_tracing.rb:79:in `call'
  railties (4.2.4) lib/rails/engine.rb:518:in `call'
  railties (4.2.4) lib/rails/application.rb:165:in `call'
  newrelic_rpm (3.14.1.311) lib/new_relic/agent/instrumentation/middleware_tracing.rb:79:in `call'
  rack (1.6.4) lib/rack/lock.rb:17:in `call'
  rack (1.6.4) lib/rack/content_length.rb:15:in `call'
  rack (1.6.4) lib/rack/handler/webrick.rb:88:in `service'
  /Users/christineliao/.rbenv/versions/2.1.2/lib/ruby/2.1.0/webrick/httpserver.rb:138:in `service'
  /Users/christineliao/.rbenv/versions/2.1.2/lib/ruby/2.1.0/webrick/httpserver.rb:94:in `run'
  /Users/christineliao/.rbenv/versions/2.1.2/lib/ruby/2.1.0/webrick/server.rb:295:in `block in start_thread'


  Rendered /Users/christineliao/.rbenv/versions/2.1.2/lib/ruby/gems/2.1.0/gems/actionpack-4.2.4/lib/action_dispatch/middleware/templates/rescues/_trace.html.erb (1.9ms)
  Rendered /Users/christineliao/.rbenv/versions/2.1.2/lib/ruby/gems/2.1.0/gems/actionpack-4.2.4/lib/action_dispatch/middleware/templates/routes/_route.html.erb (1.1ms)
  Rendered /Users/christineliao/.rbenv/versions/2.1.2/lib/ruby/gems/2.1.0/gems/actionpack-4.2.4/lib/action_dispatch/middleware/templates/routes/_table.html.erb (8.9ms)
  Rendered /Users/christineliao/.rbenv/versions/2.1.2/lib/ruby/gems/2.1.0/gems/actionpack-4.2.4/lib/action_dispatch/middleware/templates/rescues/_request_and_response.html.erb (1.2ms)
  Rendered /Users/christineliao/.rbenv/versions/2.1.2/lib/ruby/gems/2.1.0/gems/actionpack-4.2.4/lib/action_dispatch/middleware/templates/rescues/routing_error.html.erb within rescues/layout (38.5ms)
  Rendered /Users/christineliao/.rbenv/versions/2.1.2/lib/ruby/gems/2.1.0/gems/web-console-2.2.1/lib/web_console/templates/_markup.html.erb (0.5ms)
  Rendered /Users/christineliao/.rbenv/versions/2.1.2/lib/ruby/gems/2.1.0/gems/web-console-2.2.1/lib/web_console/templates/_inner_console_markup.html.erb within layouts/inlined_string (0.5ms)
  Rendered /Users/christineliao/.rbenv/versions/2.1.2/lib/ruby/gems/2.1.0/gems/web-console-2.2.1/lib/web_console/templates/_prompt_box_markup.html.erb within layouts/inlined_string (0.7ms)
  Rendered /Users/christineliao/.rbenv/versions/2.1.2/lib/ruby/gems/2.1.0/gems/web-console-2.2.1/lib/web_console/templates/style.css.erb within layouts/inlined_string (0.8ms)
  Rendered /Users/christineliao/.rbenv/versions/2.1.2/lib/ruby/gems/2.1.0/gems/web-console-2.2.1/lib/web_console/templates/console.js.erb within layouts/javascript (22.3ms)
  Rendered /Users/christineliao/.rbenv/versions/2.1.2/lib/ruby/gems/2.1.0/gems/web-console-2.2.1/lib/web_console/templates/main.js.erb within layouts/javascript (0.5ms)
  Rendered /Users/christineliao/.rbenv/versions/2.1.2/lib/ruby/gems/2.1.0/gems/web-console-2.2.1/lib/web_console/templates/error_page.js.erb within layouts/javascript (0.7ms)
  Rendered /Users/christineliao/.rbenv/versions/2.1.2/lib/ruby/gems/2.1.0/gems/web-console-2.2.1/lib/web_console/templates/index.html.erb (46.2ms)


Started GET "/users/new" for ::1 at 2015-12-15 11:35:21 -0800
Processing by UsersController#new as HTML
Completed 500 Internal Server Error in 2ms (ActiveRecord: 0.0ms)

SyntaxError - syntax error, unexpected end-of-input, expecting keyword_end:
  app/models/user.rb:37:in `'
  activesupport (4.2.4) lib/active_support/dependencies.rb:457:in `block in load_file'
  activesupport (4.2.4) lib/active_support/dependencies.rb:647:in `new_constants_in'
  activesupport (4.2.4) lib/active_support/dependencies.rb:456:in `load_file'
  activesupport (4.2.4) lib/active_support/dependencies.rb:354:in `require_or_load'
  activesupport (4.2.4) lib/active_support/dependencies.rb:494:in `load_missing_constant'
  activesupport (4.2.4) lib/active_support/dependencies.rb:184:in `const_missing'
  activesupport (4.2.4) lib/active_support/dependencies.rb:526:in `load_missing_constant'
  activesupport (4.2.4) lib/active_support/dependencies.rb:184:in `const_missing'
  app/controllers/users_controller.rb:4:in `new'
  actionpack (4.2.4) lib/action_controller/metal/implicit_render.rb:4:in `send_action'
  actionpack (4.2.4) lib/abstract_controller/base.rb:198:in `process_action'
  actionpack (4.2.4) lib/action_controller/metal/rendering.rb:10:in `process_action'
  actionpack (4.2.4) lib/abstract_controller/callbacks.rb:20:in `block in process_action'
  activesupport (4.2.4) lib/active_support/callbacks.rb:117:in `call'
  activesupport (4.2.4) lib/active_support/callbacks.rb:555:in `block (2 levels) in compile'
  activesupport (4.2.4) lib/active_support/callbacks.rb:505:in `call'
  activesupport (4.2.4) lib/active_support/callbacks.rb:92:in `__run_callbacks__'
  activesupport (4.2.4) lib/active_support/callbacks.rb:778:in `_run_process_action_callbacks'
  activesupport (4.2.4) lib/active_support/callbacks.rb:81:in `run_callbacks'
  actionpack (4.2.4) lib/abstract_controller/callbacks.rb:19:in `process_action'
  actionpack (4.2.4) lib/action_controller/metal/rescue.rb:29:in `process_action'
  actionpack (4.2.4) lib/action_controller/metal/instrumentation.rb:32:in `block in process_action'
  activesupport (4.2.4) lib/active_support/notifications.rb:164:in `block in instrument'
  activesupport (4.2.4) lib/active_support/notifications/instrumenter.rb:20:in `instrument'
  activesupport (4.2.4) lib/active_support/notifications.rb:164:in `instrument'
  actionpack (4.2.4) lib/action_controller/metal/instrumentation.rb:30:in `process_action'
  actionpack (4.2.4) lib/action_controller/metal/params_wrapper.rb:250:in `process_action'
  activerecord (4.2.4) lib/active_record/railties/controller_runtime.rb:18:in `process_action'
  actionpack (4.2.4) lib/abstract_controller/base.rb:137:in `process'
  actionview (4.2.4) lib/action_view/rendering.rb:30:in `process'
  actionpack (4.2.4) lib/action_controller/metal.rb:196:in `dispatch'
  actionpack (4.2.4) lib/action_controller/metal/rack_delegation.rb:13:in `dispatch'
  actionpack (4.2.4) lib/action_controller/metal.rb:237:in `block in action'
  actionpack (4.2.4) lib/action_dispatch/routing/route_set.rb:76:in `dispatch'
  actionpack (4.2.4) lib/action_dispatch/routing/route_set.rb:45:in `serve'
  actionpack (4.2.4) lib/action_dispatch/journey/router.rb:43:in `block in serve'
  actionpack (4.2.4) lib/action_dispatch/journey/router.rb:30:in `serve'
  actionpack (4.2.4) lib/action_dispatch/routing/route_set.rb:821:in `call'
  newrelic_rpm (3.14.1.311) lib/new_relic/agent/instrumentation/middleware_tracing.rb:79:in `call'
  newrelic_rpm (3.14.1.311) lib/new_relic/rack/agent_hooks.rb:30:in `traced_call'
  newrelic_rpm (3.14.1.311) lib/new_relic/agent/instrumentation/middleware_tracing.rb:79:in `call'
  newrelic_rpm (3.14.1.311) lib/new_relic/rack/browser_monitoring.rb:32:in `traced_call'
  newrelic_rpm (3.14.1.311) lib/new_relic/agent/instrumentation/middleware_tracing.rb:79:in `call'
  rack (1.6.4) lib/rack/etag.rb:24:in `call'
  newrelic_rpm (3.14.1.311) lib/new_relic/agent/instrumentation/middleware_tracing.rb:79:in `call'
  rack (1.6.4) lib/rack/conditionalget.rb:25:in `call'
  newrelic_rpm (3.14.1.311) lib/new_relic/agent/instrumentation/middleware_tracing.rb:79:in `call'
  rack (1.6.4) lib/rack/head.rb:13:in `call'
  newrelic_rpm (3.14.1.311) lib/new_relic/agent/instrumentation/middleware_tracing.rb:79:in `call'
  actionpack (4.2.4) lib/action_dispatch/middleware/params_parser.rb:27:in `call'
  newrelic_rpm (3.14.1.311) lib/new_relic/agent/instrumentation/middleware_tracing.rb:79:in `call'
  actionpack (4.2.4) lib/action_dispatch/middleware/flash.rb:260:in `call'
  newrelic_rpm (3.14.1.311) lib/new_relic/agent/instrumentation/middleware_tracing.rb:79:in `call'
  rack (1.6.4) lib/rack/session/abstract/id.rb:225:in `context'
  rack (1.6.4) lib/rack/session/abstract/id.rb:220:in `call'
  newrelic_rpm (3.14.1.311) lib/new_relic/agent/instrumentation/middleware_tracing.rb:79:in `call'
  actionpack (4.2.4) lib/action_dispatch/middleware/cookies.rb:560:in `call'
  newrelic_rpm (3.14.1.311) lib/new_relic/agent/instrumentation/middleware_tracing.rb:79:in `call'
  activerecord (4.2.4) lib/active_record/query_cache.rb:36:in `call'
  newrelic_rpm (3.14.1.311) lib/new_relic/agent/instrumentation/middleware_tracing.rb:79:in `call'
  activerecord (4.2.4) lib/active_record/connection_adapters/abstract/connection_pool.rb:653:in `call'
  newrelic_rpm (3.14.1.311) lib/new_relic/agent/instrumentation/middleware_tracing.rb:79:in `call'
  activerecord (4.2.4) lib/active_record/migration.rb:377:in `call'
  newrelic_rpm (3.14.1.311) lib/new_relic/agent/instrumentation/middleware_tracing.rb:79:in `call'
  actionpack (4.2.4) lib/action_dispatch/middleware/callbacks.rb:29:in `block in call'
  activesupport (4.2.4) lib/active_support/callbacks.rb:88:in `__run_callbacks__'
  activesupport (4.2.4) lib/active_support/callbacks.rb:778:in `_run_call_callbacks'
  activesupport (4.2.4) lib/active_support/callbacks.rb:81:in `run_callbacks'
  actionpack (4.2.4) lib/action_dispatch/middleware/callbacks.rb:27:in `call'
  newrelic_rpm (3.14.1.311) lib/new_relic/agent/instrumentation/middleware_tracing.rb:79:in `call'
  actionpack (4.2.4) lib/action_dispatch/middleware/reloader.rb:73:in `call'
  newrelic_rpm (3.14.1.311) lib/new_relic/agent/instrumentation/middleware_tracing.rb:79:in `call'
  actionpack (4.2.4) lib/action_dispatch/middleware/remote_ip.rb:78:in `call'
  newrelic_rpm (3.14.1.311) lib/new_relic/agent/instrumentation/middleware_tracing.rb:79:in `call'
  better_errors (2.1.1) lib/better_errors/middleware.rb:84:in `protected_app_call'
  better_errors (2.1.1) lib/better_errors/middleware.rb:79:in `better_errors_call'
  better_errors (2.1.1) lib/better_errors/middleware.rb:57:in `call'
  newrelic_rpm (3.14.1.311) lib/new_relic/agent/instrumentation/middleware_tracing.rb:79:in `call'
  actionpack (4.2.4) lib/action_dispatch/middleware/debug_exceptions.rb:17:in `call'
  newrelic_rpm (3.14.1.311) lib/new_relic/agent/instrumentation/middleware_tracing.rb:79:in `call'
  web-console (2.2.1) lib/web_console/middleware.rb:39:in `call'
  newrelic_rpm (3.14.1.311) lib/new_relic/agent/instrumentation/middleware_tracing.rb:79:in `call'
  actionpack (4.2.4) lib/action_dispatch/middleware/show_exceptions.rb:30:in `call'
  newrelic_rpm (3.14.1.311) lib/new_relic/agent/instrumentation/middleware_tracing.rb:79:in `call'
  railties (4.2.4) lib/rails/rack/logger.rb:38:in `call_app'
  railties (4.2.4) lib/rails/rack/logger.rb:20:in `block in call'
  activesupport (4.2.4) lib/active_support/tagged_logging.rb:68:in `block in tagged'
  activesupport (4.2.4) lib/active_support/tagged_logging.rb:26:in `tagged'
  activesupport (4.2.4) lib/active_support/tagged_logging.rb:68:in `tagged'
  railties (4.2.4) lib/rails/rack/logger.rb:20:in `call'
  newrelic_rpm (3.14.1.311) lib/new_relic/agent/instrumentation/middleware_tracing.rb:79:in `call'
  actionpack (4.2.4) lib/action_dispatch/middleware/request_id.rb:21:in `call'
  newrelic_rpm (3.14.1.311) lib/new_relic/agent/instrumentation/middleware_tracing.rb:79:in `call'
  rack (1.6.4) lib/rack/methodoverride.rb:22:in `call'
  newrelic_rpm (3.14.1.311) lib/new_relic/agent/instrumentation/middleware_tracing.rb:79:in `call'
  rack (1.6.4) lib/rack/runtime.rb:18:in `call'
  newrelic_rpm (3.14.1.311) lib/new_relic/agent/instrumentation/middleware_tracing.rb:79:in `call'
  activesupport (4.2.4) lib/active_support/cache/strategy/local_cache_middleware.rb:28:in `call'
  newrelic_rpm (3.14.1.311) lib/new_relic/agent/instrumentation/middleware_tracing.rb:79:in `call'
  rack (1.6.4) lib/rack/lock.rb:17:in `call'
  newrelic_rpm (3.14.1.311) lib/new_relic/agent/instrumentation/middleware_tracing.rb:79:in `call'
  actionpack (4.2.4) lib/action_dispatch/middleware/static.rb:116:in `call'
  newrelic_rpm (3.14.1.311) lib/new_relic/agent/instrumentation/middleware_tracing.rb:79:in `call'
  rack (1.6.4) lib/rack/sendfile.rb:113:in `call'
  newrelic_rpm (3.14.1.311) lib/new_relic/agent/instrumentation/middleware_tracing.rb:79:in `call'
  railties (4.2.4) lib/rails/engine.rb:518:in `call'
  railties (4.2.4) lib/rails/application.rb:165:in `call'
  newrelic_rpm (3.14.1.311) lib/new_relic/agent/instrumentation/middleware_tracing.rb:79:in `call'
  rack (1.6.4) lib/rack/lock.rb:17:in `call'
  rack (1.6.4) lib/rack/content_length.rb:15:in `call'
  rack (1.6.4) lib/rack/handler/webrick.rb:88:in `service'
  /Users/christineliao/.rbenv/versions/2.1.2/lib/ruby/2.1.0/webrick/httpserver.rb:138:in `service'
  /Users/christineliao/.rbenv/versions/2.1.2/lib/ruby/2.1.0/webrick/httpserver.rb:94:in `run'
  /Users/christineliao/.rbenv/versions/2.1.2/lib/ruby/2.1.0/webrick/server.rb:295:in `block in start_thread'



Started POST "/__better_errors/3f59e4e3d9a99187/variables" for ::1 at 2015-12-15 11:35:21 -0800


Started GET "/users/new" for ::1 at 2015-12-15 11:35:47 -0800
Processing by UsersController#new as HTML
  Rendered users/new.html.erb within layouts/application (0.5ms)
Completed 200 OK in 1238ms (Views: 1227.8ms | ActiveRecord: 3.7ms)


Started GET "/assets/users.self-e3b0c44298fc1c149afbf4c8996fb92427ae41e4649b934ca495991b7852b855.css?body=1" for ::1 at 2015-12-15 11:35:48 -0800


Started GET "/assets/sessions.self-e3b0c44298fc1c149afbf4c8996fb92427ae41e4649b934ca495991b7852b855.css?body=1" for ::1 at 2015-12-15 11:35:48 -0800


Started GET "/assets/sessions.self-877aef30ae1b040ab8a3aba4e3e309a11d7f2612f44dde450b5c157aa5f95c05.js?body=1" for ::1 at 2015-12-15 11:35:48 -0800


Started GET "/assets/users.self-877aef30ae1b040ab8a3aba4e3e309a11d7f2612f44dde450b5c157aa5f95c05.js?body=1" for ::1 at 2015-12-15 11:35:48 -0800


Started GET "/assets/application.self-e80e8f2318043e8af94dddc2adad5a4f09739a8ebb323b3ab31cd71d45fd9113.css?body=1" for ::1 at 2015-12-15 11:35:48 -0800


Started GET "/assets/jquery.self-a714331225dda820228db323939889f149aec0127aeb06255646b616ba1ca419.js?body=1" for ::1 at 2015-12-15 11:35:48 -0800


Started GET "/assets/jquery_ujs.self-d456baa54c1fa6be2ec3711f0a72ddf7a5b2f34a6b4f515f33767d6207b7d4b3.js?body=1" for ::1 at 2015-12-15 11:35:48 -0800


Started GET "/assets/turbolinks.self-c37727e9bd6b2735da5c311aa83fead54ed0be6cc8bd9a65309e9c5abe2cbfff.js?body=1" for ::1 at 2015-12-15 11:35:48 -0800


Started GET "/assets/application.self-3b8dabdc891efe46b9a144b400ad69e37d7e5876bdc39dee783419a69d7ca819.js?body=1" for ::1 at 2015-12-15 11:35:48 -0800


Started GET "/session/new" for ::1 at 2015-12-15 11:35:56 -0800
Processing by SessionsController#new as HTML
  Rendered sessions/new.html.erb within layouts/application (0.5ms)
Completed 200 OK in 27ms (Views: 26.3ms | ActiveRecord: 0.0ms)


Started GET "/session/new" for ::1 at 2015-12-15 11:45:23 -0800
Processing by SessionsController#new as HTML
  Rendered shared/_errors.html.erb (0.4ms)
  Rendered sessions/new.html.erb within layouts/application (1.7ms)
Completed 200 OK in 31ms (Views: 29.9ms | ActiveRecord: 0.0ms)


Started GET "/assets/sessions.self-e3b0c44298fc1c149afbf4c8996fb92427ae41e4649b934ca495991b7852b855.css?body=1" for ::1 at 2015-12-15 11:45:23 -0800


Started GET "/assets/jquery.self-a714331225dda820228db323939889f149aec0127aeb06255646b616ba1ca419.js?body=1" for ::1 at 2015-12-15 11:45:24 -0800


Started GET "/assets/users.self-e3b0c44298fc1c149afbf4c8996fb92427ae41e4649b934ca495991b7852b855.css?body=1" for ::1 at 2015-12-15 11:45:24 -0800


Started GET "/assets/application.self-e80e8f2318043e8af94dddc2adad5a4f09739a8ebb323b3ab31cd71d45fd9113.css?body=1" for ::1 at 2015-12-15 11:45:24 -0800


Started GET "/assets/jquery_ujs.self-d456baa54c1fa6be2ec3711f0a72ddf7a5b2f34a6b4f515f33767d6207b7d4b3.js?body=1" for ::1 at 2015-12-15 11:45:24 -0800


Started GET "/assets/turbolinks.self-c37727e9bd6b2735da5c311aa83fead54ed0be6cc8bd9a65309e9c5abe2cbfff.js?body=1" for ::1 at 2015-12-15 11:45:24 -0800


Started GET "/assets/sessions.self-877aef30ae1b040ab8a3aba4e3e309a11d7f2612f44dde450b5c157aa5f95c05.js?body=1" for ::1 at 2015-12-15 11:45:24 -0800


Started GET "/assets/users.self-877aef30ae1b040ab8a3aba4e3e309a11d7f2612f44dde450b5c157aa5f95c05.js?body=1" for ::1 at 2015-12-15 11:45:24 -0800


Started GET "/assets/application.self-3b8dabdc891efe46b9a144b400ad69e37d7e5876bdc39dee783419a69d7ca819.js?body=1" for ::1 at 2015-12-15 11:45:24 -0800


Started GET "/session/new" for ::1 at 2015-12-15 11:46:05 -0800
Processing by SessionsController#new as HTML
  Rendered shared/_errors.html.erb (0.2ms)
  Rendered sessions/new.html.erb within layouts/application (1.7ms)
Completed 200 OK in 30ms (Views: 28.9ms | ActiveRecord: 0.0ms)


Started GET "/assets/sessions.self-e3b0c44298fc1c149afbf4c8996fb92427ae41e4649b934ca495991b7852b855.css?body=1" for ::1 at 2015-12-15 11:46:05 -0800


Started GET "/assets/users.self-e3b0c44298fc1c149afbf4c8996fb92427ae41e4649b934ca495991b7852b855.css?body=1" for ::1 at 2015-12-15 11:46:05 -0800


Started GET "/assets/turbolinks.self-c37727e9bd6b2735da5c311aa83fead54ed0be6cc8bd9a65309e9c5abe2cbfff.js?body=1" for ::1 at 2015-12-15 11:46:05 -0800


Started GET "/assets/jquery_ujs.self-d456baa54c1fa6be2ec3711f0a72ddf7a5b2f34a6b4f515f33767d6207b7d4b3.js?body=1" for ::1 at 2015-12-15 11:46:05 -0800


Started GET "/assets/application.self-e80e8f2318043e8af94dddc2adad5a4f09739a8ebb323b3ab31cd71d45fd9113.css?body=1" for ::1 at 2015-12-15 11:46:05 -0800


Started GET "/assets/jquery.self-a714331225dda820228db323939889f149aec0127aeb06255646b616ba1ca419.js?body=1" for ::1 at 2015-12-15 11:46:05 -0800


Started GET "/assets/sessions.self-877aef30ae1b040ab8a3aba4e3e309a11d7f2612f44dde450b5c157aa5f95c05.js?body=1" for ::1 at 2015-12-15 11:46:05 -0800


Started GET "/assets/users.self-877aef30ae1b040ab8a3aba4e3e309a11d7f2612f44dde450b5c157aa5f95c05.js?body=1" for ::1 at 2015-12-15 11:46:05 -0800


Started GET "/assets/application.self-3b8dabdc891efe46b9a144b400ad69e37d7e5876bdc39dee783419a69d7ca819.js?body=1" for ::1 at 2015-12-15 11:46:05 -0800


Started GET "/users/new" for ::1 at 2015-12-15 11:46:13 -0800
Processing by UsersController#new as HTML
  Rendered shared/_errors.html.erb (0.1ms)
  Rendered users/new.html.erb within layouts/application (1.3ms)
Completed 200 OK in 29ms (Views: 28.0ms | ActiveRecord: 0.0ms)


Started POST "/users" for ::1 at 2015-12-15 11:48:26 -0800
Processing by UsersController#create as HTML
  Parameters: {"authenticity_token"=>"G3iPGN+V/INdJhP0vwGCOLO87LTmv80KUkxsYAMxaK+nKXVcxcbz3bWGiyytqQ1lEcSRxzPB99/X/vywyZHeww==", "user"=>{"username"=>"Rusty", "password"=>"[FILTERED]"}}
  [1m[35m (0.2ms)[0m  BEGIN
  [1m[36m (0.2ms)[0m  [1mROLLBACK[0m
  Rendered shared/_errors.html.erb (0.1ms)
  Rendered users/new.html.erb within layouts/application (0.9ms)
Completed 200 OK in 106ms (Views: 27.3ms | ActiveRecord: 0.3ms)


Started POST "/users" for ::1 at 2015-12-15 11:48:32 -0800
Processing by UsersController#create as HTML
  Parameters: {"authenticity_token"=>"rR702Qy5Y2cL4M4Gfpyw5/XblJo46nVQKhioh7b4zAYRTw6dFupsOeNAVt5sND+6V6Pp6e2UT4WvqjhXfFh6ag==", "user"=>{"username"=>"Rusty", "password"=>"[FILTERED]"}}
  [1m[35m (0.1ms)[0m  BEGIN
  [1m[36mSQL (1.5ms)[0m  [1mINSERT INTO "users" ("username", "password_digest", "session_token", "created_at", "updated_at") VALUES ($1, $2, $3, $4, $5) RETURNING "id"[0m  [["username", "Rusty"], ["password_digest", "$2a$10$Dd/e.nous9r6geKpv9b3Bu0nxNQV5GmrIIvSh86q2bYC4tNFZQcPe"], ["session_token", "9aURKqnB3fT9oMIN3qjA5Q"], ["created_at", "2015-12-15 19:48:32.420897"], ["updated_at", "2015-12-15 19:48:32.420897"]]
  [1m[35m (0.4ms)[0m  COMMIT
  [1m[36m (0.1ms)[0m  [1mBEGIN[0m
  [1m[35mSQL (0.3ms)[0m  UPDATE "users" SET "session_token" = $1, "updated_at" = $2 WHERE "users"."id" = $3  [["session_token", "8J5jC0LUNyNwXgTv1n3-ow"], ["updated_at", "2015-12-15 19:48:32.428686"], ["id", 1]]
  [1m[36m (0.3ms)[0m  [1mCOMMIT[0m
Redirected to http://localhost:3000/users
Completed 302 Found in 77ms (ActiveRecord: 2.8ms)


Started GET "/users" for ::1 at 2015-12-15 11:48:32 -0800

ActionController::RoutingError (No route matches [GET] "/users"):
  actionpack (4.2.4) lib/action_dispatch/middleware/debug_exceptions.rb:21:in `call'
  newrelic_rpm (3.14.1.311) lib/new_relic/agent/instrumentation/middleware_tracing.rb:79:in `call'
  web-console (2.2.1) lib/web_console/middleware.rb:39:in `call'
  newrelic_rpm (3.14.1.311) lib/new_relic/agent/instrumentation/middleware_tracing.rb:79:in `call'
  actionpack (4.2.4) lib/action_dispatch/middleware/show_exceptions.rb:30:in `call'
  newrelic_rpm (3.14.1.311) lib/new_relic/agent/instrumentation/middleware_tracing.rb:79:in `call'
  railties (4.2.4) lib/rails/rack/logger.rb:38:in `call_app'
  railties (4.2.4) lib/rails/rack/logger.rb:20:in `block in call'
  activesupport (4.2.4) lib/active_support/tagged_logging.rb:68:in `block in tagged'
  activesupport (4.2.4) lib/active_support/tagged_logging.rb:26:in `tagged'
  activesupport (4.2.4) lib/active_support/tagged_logging.rb:68:in `tagged'
  railties (4.2.4) lib/rails/rack/logger.rb:20:in `call'
  newrelic_rpm (3.14.1.311) lib/new_relic/agent/instrumentation/middleware_tracing.rb:79:in `call'
  actionpack (4.2.4) lib/action_dispatch/middleware/request_id.rb:21:in `call'
  newrelic_rpm (3.14.1.311) lib/new_relic/agent/instrumentation/middleware_tracing.rb:79:in `call'
  rack (1.6.4) lib/rack/methodoverride.rb:22:in `call'
  newrelic_rpm (3.14.1.311) lib/new_relic/agent/instrumentation/middleware_tracing.rb:79:in `call'
  rack (1.6.4) lib/rack/runtime.rb:18:in `call'
  newrelic_rpm (3.14.1.311) lib/new_relic/agent/instrumentation/middleware_tracing.rb:79:in `call'
  activesupport (4.2.4) lib/active_support/cache/strategy/local_cache_middleware.rb:28:in `call'
  newrelic_rpm (3.14.1.311) lib/new_relic/agent/instrumentation/middleware_tracing.rb:79:in `call'
  rack (1.6.4) lib/rack/lock.rb:17:in `call'
  newrelic_rpm (3.14.1.311) lib/new_relic/agent/instrumentation/middleware_tracing.rb:79:in `call'
  actionpack (4.2.4) lib/action_dispatch/middleware/static.rb:116:in `call'
  newrelic_rpm (3.14.1.311) lib/new_relic/agent/instrumentation/middleware_tracing.rb:79:in `call'
  rack (1.6.4) lib/rack/sendfile.rb:113:in `call'
  newrelic_rpm (3.14.1.311) lib/new_relic/agent/instrumentation/middleware_tracing.rb:79:in `call'
  railties (4.2.4) lib/rails/engine.rb:518:in `call'
  railties (4.2.4) lib/rails/application.rb:165:in `call'
  newrelic_rpm (3.14.1.311) lib/new_relic/agent/instrumentation/middleware_tracing.rb:79:in `call'
  rack (1.6.4) lib/rack/lock.rb:17:in `call'
  rack (1.6.4) lib/rack/content_length.rb:15:in `call'
  rack (1.6.4) lib/rack/handler/webrick.rb:88:in `service'
  /Users/christineliao/.rbenv/versions/2.1.2/lib/ruby/2.1.0/webrick/httpserver.rb:138:in `service'
  /Users/christineliao/.rbenv/versions/2.1.2/lib/ruby/2.1.0/webrick/httpserver.rb:94:in `run'
  /Users/christineliao/.rbenv/versions/2.1.2/lib/ruby/2.1.0/webrick/server.rb:295:in `block in start_thread'


  Rendered /Users/christineliao/.rbenv/versions/2.1.2/lib/ruby/gems/2.1.0/gems/actionpack-4.2.4/lib/action_dispatch/middleware/templates/rescues/_trace.html.erb (1.3ms)
  Rendered /Users/christineliao/.rbenv/versions/2.1.2/lib/ruby/gems/2.1.0/gems/actionpack-4.2.4/lib/action_dispatch/middleware/templates/routes/_route.html.erb (1.0ms)
  Rendered /Users/christineliao/.rbenv/versions/2.1.2/lib/ruby/gems/2.1.0/gems/actionpack-4.2.4/lib/action_dispatch/middleware/templates/routes/_table.html.erb (1.2ms)
  Rendered /Users/christineliao/.rbenv/versions/2.1.2/lib/ruby/gems/2.1.0/gems/actionpack-4.2.4/lib/action_dispatch/middleware/templates/rescues/_request_and_response.html.erb (1.1ms)
  Rendered /Users/christineliao/.rbenv/versions/2.1.2/lib/ruby/gems/2.1.0/gems/actionpack-4.2.4/lib/action_dispatch/middleware/templates/rescues/routing_error.html.erb within rescues/layout (22.6ms)
  Rendered /Users/christineliao/.rbenv/versions/2.1.2/lib/ruby/gems/2.1.0/gems/web-console-2.2.1/lib/web_console/templates/_markup.html.erb (0.4ms)
  Rendered /Users/christineliao/.rbenv/versions/2.1.2/lib/ruby/gems/2.1.0/gems/web-console-2.2.1/lib/web_console/templates/_inner_console_markup.html.erb within layouts/inlined_string (0.4ms)
  Rendered /Users/christineliao/.rbenv/versions/2.1.2/lib/ruby/gems/2.1.0/gems/web-console-2.2.1/lib/web_console/templates/_prompt_box_markup.html.erb within layouts/inlined_string (0.4ms)
  Rendered /Users/christineliao/.rbenv/versions/2.1.2/lib/ruby/gems/2.1.0/gems/web-console-2.2.1/lib/web_console/templates/style.css.erb within layouts/inlined_string (0.4ms)
  Rendered /Users/christineliao/.rbenv/versions/2.1.2/lib/ruby/gems/2.1.0/gems/web-console-2.2.1/lib/web_console/templates/console.js.erb within layouts/javascript (14.5ms)
  Rendered /Users/christineliao/.rbenv/versions/2.1.2/lib/ruby/gems/2.1.0/gems/web-console-2.2.1/lib/web_console/templates/main.js.erb within layouts/javascript (0.6ms)
  Rendered /Users/christineliao/.rbenv/versions/2.1.2/lib/ruby/gems/2.1.0/gems/web-console-2.2.1/lib/web_console/templates/error_page.js.erb within layouts/javascript (0.5ms)
  Rendered /Users/christineliao/.rbenv/versions/2.1.2/lib/ruby/gems/2.1.0/gems/web-console-2.2.1/lib/web_console/templates/index.html.erb (34.2ms)
  [1m[36mUser Load (0.6ms)[0m  [1mSELECT "users".* FROM "users"[0m
  [1m[35m (0.1ms)[0m  BEGIN
  [1m[36mSQL (0.4ms)[0m  [1mINSERT INTO "users" ("username", "password_digest", "session_token", "created_at", "updated_at") VALUES ($1, $2, $3, $4, $5) RETURNING "id"[0m  [["username", "Joey"], ["password_digest", "$2a$10$OkzVUbBwmCLDTij86w4/4uPd8MbrUzyEKu.Fj.REJPslOKnz86mPS"], ["session_token", "1LWykvoQXKCY0hSqXA1ScA"], ["created_at", "2015-12-15 19:50:04.399730"], ["updated_at", "2015-12-15 19:50:04.399730"]]
  [1m[35m (1.4ms)[0m  COMMIT
  [1m[36m (0.1ms)[0m  [1mBEGIN[0m
  [1m[35mSQL (0.3ms)[0m  INSERT INTO "users" ("username", "password_digest", "session_token", "created_at", "updated_at") VALUES ($1, $2, $3, $4, $5) RETURNING "id"  [["username", "Kimora"], ["password_digest", "$2a$10$mZKt53ADU./7yV1SDl1St.QBkTmcy9AO1OhknAbLuTCg9DzTCq0tu"], ["session_token", "7WXzisGhjHZwz_XwTpQmNA"], ["created_at", "2015-12-15 19:50:28.587280"], ["updated_at", "2015-12-15 19:50:28.587280"]]
  [1m[36m (1.3ms)[0m  [1mCOMMIT[0m
  [1m[35m (0.1ms)[0m  BEGIN
  [1m[36mSQL (0.3ms)[0m  [1mINSERT INTO "users" ("username", "password_digest", "session_token", "created_at", "updated_at") VALUES ($1, $2, $3, $4, $5) RETURNING "id"[0m  [["username", "Addie"], ["password_digest", "$2a$10$hx.qIkNueMGGZlNgdTbOTuq22gqI/Xo5.JY.NquXoeck2568WY52a"], ["session_token", "ogFL7BOMH6lGCR1l3CNpbg"], ["created_at", "2015-12-15 19:51:08.864549"], ["updated_at", "2015-12-15 19:51:08.864549"]]
  [1m[35m (1.9ms)[0m  COMMIT
  [1m[36mUser Load (0.4ms)[0m  [1mSELECT "users".* FROM "users"[0m


Started GET "/session/new" for ::1 at 2015-12-15 11:51:40 -0800
Processing by SessionsController#new as HTML
  Rendered shared/_errors.html.erb (0.2ms)
  Rendered sessions/new.html.erb within layouts/application (1.1ms)
Completed 200 OK in 29ms (Views: 28.3ms | ActiveRecord: 0.0ms)


Started POST "/session" for ::1 at 2015-12-15 11:51:47 -0800
Processing by SessionsController#create as HTML
  Parameters: {"authenticity_token"=>"38DTftBAp9cxY+np2ljx+OYvidsTR0PHNXCAj7N7KhdjkSk6yhOoidnDcTHI8H6lRFf0qMY5eRKwwhBfeducew==", "user"=>{"username"=>"Addie", "password"=>"[FILTERED]"}}
  [1m[35mUser Load (0.3ms)[0m  SELECT  "users".* FROM "users" WHERE "users"."username" = $1 LIMIT 1  [["username", "Addie"]]
  [1m[36m (0.2ms)[0m  [1mBEGIN[0m
  [1m[35mSQL (0.4ms)[0m  UPDATE "users" SET "session_token" = $1, "updated_at" = $2 WHERE "users"."id" = $3  [["session_token", "cijZQ7ALNIxe-M9oql5Z7g"], ["updated_at", "2015-12-15 19:51:47.137781"], ["id", 4]]
  [1m[36m (1.2ms)[0m  [1mCOMMIT[0m
Redirected to http://localhost:3000/users
Completed 302 Found in 82ms (ActiveRecord: 2.1ms)


Started GET "/users" for ::1 at 2015-12-15 11:51:47 -0800

ActionController::RoutingError (No route matches [GET] "/users"):
  actionpack (4.2.4) lib/action_dispatch/middleware/debug_exceptions.rb:21:in `call'
  newrelic_rpm (3.14.1.311) lib/new_relic/agent/instrumentation/middleware_tracing.rb:79:in `call'
  web-console (2.2.1) lib/web_console/middleware.rb:39:in `call'
  newrelic_rpm (3.14.1.311) lib/new_relic/agent/instrumentation/middleware_tracing.rb:79:in `call'
  actionpack (4.2.4) lib/action_dispatch/middleware/show_exceptions.rb:30:in `call'
  newrelic_rpm (3.14.1.311) lib/new_relic/agent/instrumentation/middleware_tracing.rb:79:in `call'
  railties (4.2.4) lib/rails/rack/logger.rb:38:in `call_app'
  railties (4.2.4) lib/rails/rack/logger.rb:20:in `block in call'
  activesupport (4.2.4) lib/active_support/tagged_logging.rb:68:in `block in tagged'
  activesupport (4.2.4) lib/active_support/tagged_logging.rb:26:in `tagged'
  activesupport (4.2.4) lib/active_support/tagged_logging.rb:68:in `tagged'
  railties (4.2.4) lib/rails/rack/logger.rb:20:in `call'
  newrelic_rpm (3.14.1.311) lib/new_relic/agent/instrumentation/middleware_tracing.rb:79:in `call'
  actionpack (4.2.4) lib/action_dispatch/middleware/request_id.rb:21:in `call'
  newrelic_rpm (3.14.1.311) lib/new_relic/agent/instrumentation/middleware_tracing.rb:79:in `call'
  rack (1.6.4) lib/rack/methodoverride.rb:22:in `call'
  newrelic_rpm (3.14.1.311) lib/new_relic/agent/instrumentation/middleware_tracing.rb:79:in `call'
  rack (1.6.4) lib/rack/runtime.rb:18:in `call'
  newrelic_rpm (3.14.1.311) lib/new_relic/agent/instrumentation/middleware_tracing.rb:79:in `call'
  activesupport (4.2.4) lib/active_support/cache/strategy/local_cache_middleware.rb:28:in `call'
  newrelic_rpm (3.14.1.311) lib/new_relic/agent/instrumentation/middleware_tracing.rb:79:in `call'
  rack (1.6.4) lib/rack/lock.rb:17:in `call'
  newrelic_rpm (3.14.1.311) lib/new_relic/agent/instrumentation/middleware_tracing.rb:79:in `call'
  actionpack (4.2.4) lib/action_dispatch/middleware/static.rb:116:in `call'
  newrelic_rpm (3.14.1.311) lib/new_relic/agent/instrumentation/middleware_tracing.rb:79:in `call'
  rack (1.6.4) lib/rack/sendfile.rb:113:in `call'
  newrelic_rpm (3.14.1.311) lib/new_relic/agent/instrumentation/middleware_tracing.rb:79:in `call'
  railties (4.2.4) lib/rails/engine.rb:518:in `call'
  railties (4.2.4) lib/rails/application.rb:165:in `call'
  newrelic_rpm (3.14.1.311) lib/new_relic/agent/instrumentation/middleware_tracing.rb:79:in `call'
  rack (1.6.4) lib/rack/lock.rb:17:in `call'
  rack (1.6.4) lib/rack/content_length.rb:15:in `call'
  rack (1.6.4) lib/rack/handler/webrick.rb:88:in `service'
  /Users/christineliao/.rbenv/versions/2.1.2/lib/ruby/2.1.0/webrick/httpserver.rb:138:in `service'
  /Users/christineliao/.rbenv/versions/2.1.2/lib/ruby/2.1.0/webrick/httpserver.rb:94:in `run'
  /Users/christineliao/.rbenv/versions/2.1.2/lib/ruby/2.1.0/webrick/server.rb:295:in `block in start_thread'


  Rendered /Users/christineliao/.rbenv/versions/2.1.2/lib/ruby/gems/2.1.0/gems/actionpack-4.2.4/lib/action_dispatch/middleware/templates/rescues/_trace.html.erb (1.4ms)
  Rendered /Users/christineliao/.rbenv/versions/2.1.2/lib/ruby/gems/2.1.0/gems/actionpack-4.2.4/lib/action_dispatch/middleware/templates/routes/_route.html.erb (0.9ms)
  Rendered /Users/christineliao/.rbenv/versions/2.1.2/lib/ruby/gems/2.1.0/gems/actionpack-4.2.4/lib/action_dispatch/middleware/templates/routes/_table.html.erb (1.1ms)
  Rendered /Users/christineliao/.rbenv/versions/2.1.2/lib/ruby/gems/2.1.0/gems/actionpack-4.2.4/lib/action_dispatch/middleware/templates/rescues/_request_and_response.html.erb (1.2ms)
  Rendered /Users/christineliao/.rbenv/versions/2.1.2/lib/ruby/gems/2.1.0/gems/actionpack-4.2.4/lib/action_dispatch/middleware/templates/rescues/routing_error.html.erb within rescues/layout (19.7ms)
  Rendered /Users/christineliao/.rbenv/versions/2.1.2/lib/ruby/gems/2.1.0/gems/web-console-2.2.1/lib/web_console/templates/_markup.html.erb (0.3ms)
  Rendered /Users/christineliao/.rbenv/versions/2.1.2/lib/ruby/gems/2.1.0/gems/web-console-2.2.1/lib/web_console/templates/_inner_console_markup.html.erb within layouts/inlined_string (0.3ms)
  Rendered /Users/christineliao/.rbenv/versions/2.1.2/lib/ruby/gems/2.1.0/gems/web-console-2.2.1/lib/web_console/templates/_prompt_box_markup.html.erb within layouts/inlined_string (0.4ms)
  Rendered /Users/christineliao/.rbenv/versions/2.1.2/lib/ruby/gems/2.1.0/gems/web-console-2.2.1/lib/web_console/templates/style.css.erb within layouts/inlined_string (0.4ms)
  Rendered /Users/christineliao/.rbenv/versions/2.1.2/lib/ruby/gems/2.1.0/gems/web-console-2.2.1/lib/web_console/templates/console.js.erb within layouts/javascript (13.9ms)
  Rendered /Users/christineliao/.rbenv/versions/2.1.2/lib/ruby/gems/2.1.0/gems/web-console-2.2.1/lib/web_console/templates/main.js.erb within layouts/javascript (0.3ms)
  Rendered /Users/christineliao/.rbenv/versions/2.1.2/lib/ruby/gems/2.1.0/gems/web-console-2.2.1/lib/web_console/templates/error_page.js.erb within layouts/javascript (0.4ms)
  Rendered /Users/christineliao/.rbenv/versions/2.1.2/lib/ruby/gems/2.1.0/gems/web-console-2.2.1/lib/web_console/templates/index.html.erb (28.5ms)


Started PUT "/console/repl_sessions/4c0cd98c5529d5b8950d58cc0d7ba805" for ::1 at 2015-12-15 11:51:57 -0800


Started PUT "/console/repl_sessions/4c0cd98c5529d5b8950d58cc0d7ba805" for ::1 at 2015-12-15 11:52:16 -0800


Started GET "/users/new" for ::1 at 2015-12-15 11:52:41 -0800
Processing by UsersController#new as HTML
  Rendered shared/_errors.html.erb (0.1ms)
  Rendered users/new.html.erb within layouts/application (1.0ms)
Completed 200 OK in 29ms (Views: 28.6ms | ActiveRecord: 0.0ms)
  [1m[36mActiveRecord::SchemaMigration Load (0.4ms)[0m  [1mSELECT "schema_migrations".* FROM "schema_migrations"[0m
Migrating to CreateDishes (20151215195612)
  [1m[35m (0.1ms)[0m  BEGIN
  [1m[36m (5.1ms)[0m  [1mCREATE TABLE "dishes" ("id" serial primary key, "name" character varying NOT NULL, "description" character varying NOT NULL, "user_id" integer NOT NULL, "created_at" timestamp NOT NULL, "updated_at" timestamp NOT NULL) [0m
  [1m[35mSQL (0.2ms)[0m  INSERT INTO "schema_migrations" ("version") VALUES ($1)  [["version", "20151215195612"]]
  [1m[36m (0.6ms)[0m  [1mCOMMIT[0m
  [1m[35mActiveRecord::SchemaMigration Load (0.2ms)[0m  SELECT "schema_migrations".* FROM "schema_migrations"
  [1m[36m (3.4ms)[0m  [1mSELECT t2.oid::regclass::text AS to_table, a1.attname AS column, a2.attname AS primary_key, c.conname AS name, c.confupdtype AS on_update, c.confdeltype AS on_delete
FROM pg_constraint c
JOIN pg_class t1 ON c.conrelid = t1.oid
JOIN pg_class t2 ON c.confrelid = t2.oid
JOIN pg_attribute a1 ON a1.attnum = c.conkey[1] AND a1.attrelid = t1.oid
JOIN pg_attribute a2 ON a2.attnum = c.confkey[1] AND a2.attrelid = t2.oid
JOIN pg_namespace t3 ON c.connamespace = t3.oid
WHERE c.contype = 'f'
  AND t1.relname = 'dishes'
  AND t3.nspname = ANY (current_schemas(false))
ORDER BY c.conname
[0m
  [1m[35m (2.9ms)[0m  SELECT t2.oid::regclass::text AS to_table, a1.attname AS column, a2.attname AS primary_key, c.conname AS name, c.confupdtype AS on_update, c.confdeltype AS on_delete
FROM pg_constraint c
JOIN pg_class t1 ON c.conrelid = t1.oid
JOIN pg_class t2 ON c.confrelid = t2.oid
JOIN pg_attribute a1 ON a1.attnum = c.conkey[1] AND a1.attrelid = t1.oid
JOIN pg_attribute a2 ON a2.attnum = c.confkey[1] AND a2.attrelid = t2.oid
JOIN pg_namespace t3 ON c.connamespace = t3.oid
WHERE c.contype = 'f'
  AND t1.relname = 'users'
  AND t3.nspname = ANY (current_schemas(false))
ORDER BY c.conname

